<?xml version="1.0" encoding="UTF-8"?>
<!-- Generated by org.testng.reporters.JUnitReportReporter -->
<testsuite hostname="Aish" name="com.TestNGAnnotations.Annotaions2" tests="2" failures="0" timestamp="16 Feb 2018 06:09:26 GMT" time="0.011" errors="0">
  <testcase name="InBox" time="0.009" classname="com.TestNGAnnotations.Annotaions2"/>
  <testcase name="ComposeMail" time="0.002" classname="com.TestNGAnnotations.Annotaions2"/>
</testsuite> <!-- com.TestNGAnnotations.Annotaions2 -->
