<?xml version="1.0" encoding="UTF-8"?>
<!-- Generated by org.testng.reporters.JUnitReportReporter -->
<testsuite hostname="Aish" name="com.TestNGAnnotations.NewToursApplicationLogInTest" tests="1" failures="0" timestamp="20 Feb 2018 05:03:36 GMT" time="6.662" errors="0">
  <testcase name="LogInTest" time="6.662" classname="com.TestNGAnnotations.NewToursApplicationLogInTest"/>
</testsuite> <!-- com.TestNGAnnotations.NewToursApplicationLogInTest -->
