<?xml version="1.0" encoding="UTF-8"?>
<!-- Generated by org.testng.reporters.JUnitReportReporter -->
<testsuite hostname="Aish" name="com.TestNGAnnotations.Annotations1" tests="3" failures="0" timestamp="16 Feb 2018 06:05:42 GMT" time="0.022" errors="0">
  <testcase name="BrowserLaunch" time="0.019" classname="com.TestNGAnnotations.Annotations1"/>
  <testcase name="InBox" time="0.002" classname="com.TestNGAnnotations.Annotations1"/>
  <testcase name="LogIn" time="0.001" classname="com.TestNGAnnotations.Annotations1"/>
</testsuite> <!-- com.TestNGAnnotations.Annotations1 -->
