<?xml version="1.0" encoding="UTF-8"?>
<!-- Generated by org.testng.reporters.JUnitReportReporter -->
<testsuite hostname="Aish" name="com.TestNGAnnotations.CapturingTitle" tests="1" failures="0" timestamp="18 Feb 2018 19:59:48 GMT" time="0.045" errors="0">
  <testcase name="getTitle" time="0.045" classname="com.TestNGAnnotations.CapturingTitle"/>
</testsuite> <!-- com.TestNGAnnotations.CapturingTitle -->
