<?xml version="1.0" encoding="UTF-8"?>
<!-- Generated by org.testng.reporters.JUnitReportReporter -->
<testsuite hostname="Aish" name="com.DataDriven.NewTours_UserRegistration_ExceTestData" tests="2" failures="0" timestamp="20 Feb 2018 06:19:31 GMT" time="25.071" errors="0">
  <testcase name="Register" time="0.978" classname="com.DataDriven.NewTours_UserRegistration_ExceTestData"/>
  <testcase name="UserRegistration" time="24.093" classname="com.DataDriven.NewTours_UserRegistration_ExceTestData"/>
</testsuite> <!-- com.DataDriven.NewTours_UserRegistration_ExceTestData -->
