<?xml version="1.0" encoding="UTF-8"?>
<!-- Generated by org.testng.reporters.JUnitReportReporter -->
<testsuite hostname="Aish" name="com.POM.NewToursApplicationTesting" tests="1" failures="0" timestamp="25 Feb 2018 21:33:35 GMT" time="36.510" errors="0">
  <testcase name="HomePageTesting" time="36.510" classname="com.POM.NewToursApplicationTesting"/>
</testsuite> <!-- com.POM.NewToursApplicationTesting -->
