<?xml version="1.0" encoding="UTF-8"?>
<!-- Generated by org.testng.reporters.JUnitReportReporter -->
<testsuite hostname="Aish" name="com.DataDriven.NewTours_UserRegistartion_MultipleTestData" tests="2" failures="0" timestamp="23 Feb 2018 06:19:27 GMT" time="106.325" errors="0">
  <testcase name="Register" time="1.683" classname="com.DataDriven.NewTours_UserRegistartion_MultipleTestData"/>
  <testcase name="UserRegistration" time="104.642" classname="com.DataDriven.NewTours_UserRegistartion_MultipleTestData"/>
</testsuite> <!-- com.DataDriven.NewTours_UserRegistartion_MultipleTestData -->
