<?xml version="1.0" encoding="UTF-8"?>
<!-- Generated by org.testng.reporters.JUnitReportReporter -->
<testsuite hostname="Aish" name="com.TestNGAnnotations.ValidatingUrlFacebook" tests="1" failures="0" timestamp="18 Feb 2018 20:18:50 GMT" time="0.068" errors="0">
  <testcase name="getCurrentUrl" time="0.068" classname="com.TestNGAnnotations.ValidatingUrlFacebook"/>
</testsuite> <!-- com.TestNGAnnotations.ValidatingUrlFacebook -->
