<?xml version="1.0" encoding="UTF-8"?>
<!-- Generated by org.testng.reporters.JUnitReportReporter -->
<testsuite hostname="Aish" name="com.GridTesting.NewToursApplicationLogInTest" tests="2" failures="0" timestamp="27 Feb 2018 06:44:36 GMT" time="88.175" errors="0">
  <testcase name="LogInTest" time="43.901" classname="com.GridTesting.NewToursApplicationLogInTest"/>
  <testcase name="LogInTest" time="44.274" classname="com.GridTesting.NewToursApplicationLogInTest"/>
</testsuite> <!-- com.GridTesting.NewToursApplicationLogInTest -->
