<?xml version="1.0" encoding="UTF-8"?>
<!-- Generated by org.testng.reporters.JUnitReportReporter -->
<testsuite hostname="Aish" name="com.TestNGAnnotations.NewToursHomePageLinksTesting" tests="1" failures="0" timestamp="20 Feb 2018 05:17:10 GMT" time="39.325" errors="0">
  <testcase name="linkTest" time="39.325" classname="com.TestNGAnnotations.NewToursHomePageLinksTesting"/>
</testsuite> <!-- com.TestNGAnnotations.NewToursHomePageLinksTesting -->
