<?xml version="1.0" encoding="UTF-8"?>
<!-- Generated by org.testng.reporters.JUnitReportReporter -->
<testsuite hostname="Aish" name="com.DataDriven.NewTours_NewUserRegistration" tests="2" failures="0" timestamp="20 Feb 2018 05:55:41 GMT" time="6.512" errors="0">
  <testcase name="Register" time="1.113" classname="com.DataDriven.NewTours_NewUserRegistration"/>
  <testcase name="UserRegistration" time="5.399" classname="com.DataDriven.NewTours_NewUserRegistration"/>
</testsuite> <!-- com.DataDriven.NewTours_NewUserRegistration -->
