<?xml version="1.0" encoding="UTF-8"?>
<!-- Generated by org.testng.reporters.JUnitReportReporter -->
<testsuite hostname="Aish" name="com.TestNGAnnotations.Annotations3" tests="2" failures="0" timestamp="16 Feb 2018 06:14:35 GMT" time="0.027" errors="0">
  <testcase name="ComposeMail" time="0.005" classname="com.TestNGAnnotations.Annotations3"/>
  <testcase name="InBox" time="0.022" classname="com.TestNGAnnotations.Annotations3"/>
</testsuite> <!-- com.TestNGAnnotations.Annotations3 -->
