<?xml version="1.0" encoding="UTF-8"?>
<!-- Generated by org.testng.reporters.JUnitReportReporter -->
<testsuite hostname="Aish" name="com.KeWord.NewToursLogInTest" tests="1" failures="0" timestamp="23 Feb 2018 06:19:27 GMT" time="16.694" errors="0">
  <testcase name="LogIn" time="16.694" classname="com.KeWord.NewToursLogInTest"/>
</testsuite> <!-- com.KeWord.NewToursLogInTest -->
